2014-03-29 16:05:01,524 [DEBUG][org.jppf.ui.options.xml.OptionDescriptorParser.createScriptDescriptor(242)]: no protocol: org/jppf/ui/options/xml/imports.groovy
2014-03-29 16:05:01,526 [DEBUG][org.jppf.ui.options.xml.OptionDescriptorParser.createScriptDescriptor(242)]: no protocol: org/jppf/ui/options/xml/jppfAdminTool.groovy
2014-03-29 16:05:01,663 [INFO ][org.jppf.utils.VersionUtils.logVersionInformation(88)]: --------------------------------------------------------------------------------
2014-03-29 16:05:01,663 [INFO ][org.jppf.utils.VersionUtils.logVersionInformation(89)]: JPPF Version: 4.0.1, Build number: 1309, Build date: 2014-02-27 11:04 CET
2014-03-29 16:05:01,663 [INFO ][org.jppf.utils.VersionUtils.logVersionInformation(90)]: starting client with PID=6849, UUID=B4AB55BF-E75C-834F-EF80-7C1A0166034B
2014-03-29 16:05:01,663 [INFO ][org.jppf.utils.VersionUtils.logVersionInformation(91)]: --------------------------------------------------------------------------------
2014-03-29 16:05:01,664 [INFO ][org.jppf.client.AbstractGenericClient.init(106)]: JPPF client starting with sslEnabled = false
2014-03-29 16:05:01,826 [INFO ][org.jppf.client.AbstractGenericClient.newConnection(246)]: connection [driver-1] created
2014-03-29 16:05:01,861 [INFO ][org.jppf.client.ClassServerDelegateImpl.init(81)]: [client: driver-1 - ClassServer] Attempting connection to the class server at anchovies.cs.byu.edu:11111
2014-03-29 16:05:02,058 [DEBUG][org.jppf.ui.options.xml.OptionDescriptorParser.createScriptDescriptor(242)]: no protocol: org/jppf/ui/options/xml/chartsConfig.groovy
2014-03-29 16:05:02,102 [DEBUG][org.jppf.ui.options.xml.OptionDescriptorParser.createScriptDescriptor(242)]: no protocol: org/jppf/ui/options/xml/bundleSize.groovy
2014-03-29 16:05:02,863 [INFO ][org.jppf.client.ClassServerDelegateImpl.init(91)]: [client: driver-1 - ClassServer] Reconnected to the class server
2014-03-29 17:52:27,512 [WARN ][org.jppf.client.ClassServerDelegateImpl.run(125)]: [driver-1 - ClassServer] caught java.io.EOFException: null, will re-initialise ...
2014-03-29 17:52:27,513 [INFO ][org.jppf.client.ClassServerDelegateImpl.init(81)]: [client: driver-1 - ClassServer] Attempting connection to the class server at anchovies.cs.byu.edu:11111
2014-03-29 17:52:28,513 [ERROR][org.jppf.ui.monitoring.diagnostics.JVMHealthPanel.refreshSnapshots(157)]: error getting health snapshot for driver 5F956A1B-63B1-BBED-1E61-56E6452319BD, reinitializing the connection
java.io.IOException: The connection is not currently established.
	at com.sun.jmx.remote.generic.ClientSynchroMessageConnectionImpl.checkState(ClientSynchroMessageConnectionImpl.java:617)
	at com.sun.jmx.remote.generic.ClientSynchroMessageConnectionImpl.sendWithReturn(ClientSynchroMessageConnectionImpl.java:214)
	at javax.management.remote.generic.ClientIntermediary.mBeanServerRequest(ClientIntermediary.java:1033)
	at javax.management.remote.generic.ClientIntermediary.mBeanServerRequest(ClientIntermediary.java:1015)
	at javax.management.remote.generic.ClientIntermediary.invoke(ClientIntermediary.java:521)
	at javax.management.remote.generic.GenericConnector$RemoteMBeanServerConnection.invoke(GenericConnector.java:562)
	at javax.management.MBeanServerInvocationHandler.invoke(MBeanServerInvocationHandler.java:292)
	at com.sun.proxy.$Proxy1.healthSnapshot(Unknown Source)
	at org.jppf.ui.monitoring.diagnostics.JVMHealthPanel.refreshSnapshots(JVMHealthPanel.java:153)
	at org.jppf.ui.monitoring.diagnostics.RefreshHandler.refresh(RefreshHandler.java:89)
	at org.jppf.ui.monitoring.diagnostics.RefreshHandler$1.run(RefreshHandler.java:122)
	at java.util.TimerThread.mainLoop(Timer.java:555)
	at java.util.TimerThread.run(Timer.java:505)
2014-03-29 17:52:28,513 [ERROR][org.jppf.ui.monitoring.node.NodeDataPanel.refreshNodeStates(300)]: error getting node states for driver 5F956A1B-63B1-BBED-1E61-56E6452319BD, reinitializing the connection
java.io.IOException: The connection has been closed.
	at com.sun.jmx.remote.generic.ClientSynchroMessageConnectionImpl.checkState(ClientSynchroMessageConnectionImpl.java:596)
	at com.sun.jmx.remote.generic.ClientSynchroMessageConnectionImpl.sendWithReturn(ClientSynchroMessageConnectionImpl.java:214)
	at javax.management.remote.generic.ClientIntermediary.mBeanServerRequest(ClientIntermediary.java:1033)
	at javax.management.remote.generic.ClientIntermediary.mBeanServerRequest(ClientIntermediary.java:1015)
	at javax.management.remote.generic.ClientIntermediary.invoke(ClientIntermediary.java:521)
	at javax.management.remote.generic.GenericConnector$RemoteMBeanServerConnection.invoke(GenericConnector.java:562)
	at javax.management.MBeanServerInvocationHandler.invoke(MBeanServerInvocationHandler.java:292)
	at com.sun.proxy.$Proxy0.state(Unknown Source)
	at org.jppf.ui.monitoring.node.NodeDataPanel.refreshNodeStates(NodeDataPanel.java:296)
	at org.jppf.ui.monitoring.node.NodeRefreshHandler.refresh0(NodeRefreshHandler.java:150)
	at org.jppf.ui.monitoring.node.NodeRefreshHandler.refresh(NodeRefreshHandler.java:99)
	at org.jppf.ui.monitoring.node.NodeRefreshHandler$1.run(NodeRefreshHandler.java:234)
	at java.util.TimerThread.mainLoop(Timer.java:555)
	at java.util.TimerThread.run(Timer.java:505)
